<?xml version="1.0" encoding="UTF-8"?>
<!-- Generated by org.testng.reporters.JUnitReportReporter -->
<testsuite hostname="DESKTOP-CHSPPV5" failures="0" tests="4" name="testClass" time="44.667" errors="0" timestamp="2021-01-10T16:50:27 IST" skipped="0">
  <testcase classname="testClass" name="history" time="3.556"/>
  <system-out/>
  <testcase classname="testClass" name="checkout" time="13.107"/>
  <system-out/>
  <testcase classname="testClass" name="addAddress" time="7.387"/>
  <system-out/>
  <testcase classname="testClass" name="addToCart" time="20.617"/>
  <system-out/>
</testsuite> <!-- testClass -->
